<?xml version="1.0" encoding="UTF-8"?>
<testsuite name="plc.interpreter.RegexTests" tests="10" skipped="0" failures="0" errors="0" timestamp="2020-09-13T23:23:59" hostname="DOLPHIN" time="0.061">
  <properties/>
  <testcase name="testIdentifierRegex(String, String, boolean)[1]" classname="plc.interpreter.RegexTests" time="0.032"/>
  <testcase name="testIdentifierRegex(String, String, boolean)[2]" classname="plc.interpreter.RegexTests" time="0.002"/>
  <testcase name="testIdentifierRegex(String, String, boolean)[3]" classname="plc.interpreter.RegexTests" time="0.002"/>
  <testcase name="testIdentifierRegex(String, String, boolean)[4]" classname="plc.interpreter.RegexTests" time="0.001"/>
  <testcase name="testIdentifierRegex(String, String, boolean)[5]" classname="plc.interpreter.RegexTests" time="0.001"/>
  <testcase name="testIdentifierRegex(String, String, boolean)[6]" classname="plc.interpreter.RegexTests" time="0.002"/>
  <testcase name="testIdentifierRegex(String, String, boolean)[7]" classname="plc.interpreter.RegexTests" time="0.002"/>
  <testcase name="testIdentifierRegex(String, String, boolean)[8]" classname="plc.interpreter.RegexTests" time="0.001"/>
  <testcase name="testIdentifierRegex(String, String, boolean)[9]" classname="plc.interpreter.RegexTests" time="0.001"/>
  <testcase name="testIdentifierRegex(String, String, boolean)[10]" classname="plc.interpreter.RegexTests" time="0.001"/>
  <system-out><![CDATA[]]></system-out>
  <system-err><![CDATA[]]></system-err>
</testsuite>
